{"C:\\Users\\herna\\OneDrive\\Documentos\\UDEMY\\nodeJsConMongoApiRest\\app.js": {"path":"C:\\Users\\herna\\OneDrive\\Documentos\\UDEMY\\nodeJsConMongoApiRest\\app.js","statementMap":{"0":{"start":{"line":1,"column":0},"end":{"line":1,"column":27}},"1":{"start":{"line":2,"column":16},"end":{"line":2,"column":34}},"2":{"start":{"line":3,"column":13},"end":{"line":3,"column":28}},"3":{"start":{"line":4,"column":18},"end":{"line":4,"column":47}},"4":{"start":{"line":5,"column":19},"end":{"line":5,"column":41}},"5":{"start":{"line":6,"column":28},"end":{"line":6,"column":53}},"6":{"start":{"line":7,"column":21},"end":{"line":7,"column":52}},"7":{"start":{"line":8,"column":23},"end":{"line":8,"column":48}},"8":{"start":{"line":9,"column":25},"end":{"line":9,"column":50}},"9":{"start":{"line":10,"column":12},"end":{"line":10,"column":21}},"10":{"start":{"line":12,"column":18},"end":{"line":12,"column":39}},"11":{"start":{"line":13,"column":17},"end":{"line":13,"column":54}},"12":{"start":{"line":15,"column":0},"end":{"line":15,"column":16}},"13":{"start":{"line":16,"column":0},"end":{"line":16,"column":24}},"14":{"start":{"line":17,"column":0},"end":{"line":17,"column":35}},"15":{"start":{"line":21,"column":0},"end":{"line":27,"column":3}},"16":{"start":{"line":25,"column":4},"end":{"line":25,"column":32}},"17":{"start":{"line":29,"column":13},"end":{"line":29,"column":37}},"18":{"start":{"line":34,"column":0},"end":{"line":36,"column":38}},"19":{"start":{"line":41,"column":0},"end":{"line":41,"column":37}},"20":{"start":{"line":43,"column":0},"end":{"line":45,"column":1}},"21":{"start":{"line":44,"column":2},"end":{"line":44,"column":19}},"22":{"start":{"line":47,"column":0},"end":{"line":47,"column":62}},"23":{"start":{"line":49,"column":0},"end":{"line":49,"column":21}}},"fnMap":{"0":{"name":"(anonymous_0)","decl":{"start":{"line":24,"column":8},"end":{"line":24,"column":9}},"loc":{"start":{"line":24,"column":28},"end":{"line":26,"column":3}},"line":24}},"branchMap":{"0":{"loc":{"start":{"line":13,"column":17},"end":{"line":13,"column":54}},"type":"binary-expr","locations":[{"start":{"line":13,"column":17},"end":{"line":13,"column":37}},{"start":{"line":13,"column":41},"end":{"line":13,"column":54}}],"line":13},"1":{"loc":{"start":{"line":29,"column":13},"end":{"line":29,"column":37}},"type":"binary-expr","locations":[{"start":{"line":29,"column":13},"end":{"line":29,"column":29}},{"start":{"line":29,"column":33},"end":{"line":29,"column":37}}],"line":29},"2":{"loc":{"start":{"line":43,"column":0},"end":{"line":45,"column":1}},"type":"if","locations":[{"start":{"line":43,"column":0},"end":{"line":45,"column":1}},{"start":{},"end":{}}],"line":43},"3":{"loc":{"start":{"line":47,"column":0},"end":{"line":47,"column":61}},"type":"cond-expr","locations":[{"start":{"line":47,"column":26},"end":{"line":47,"column":42}},{"start":{"line":47,"column":45},"end":{"line":47,"column":61}}],"line":47}},"s":{"0":3,"1":3,"2":3,"3":3,"4":3,"5":3,"6":3,"7":3,"8":3,"9":3,"10":3,"11":3,"12":3,"13":3,"14":3,"15":3,"16":40,"17":3,"18":3,"19":3,"20":3,"21":0,"22":3,"23":3},"f":{"0":40},"b":{"0":[3,0],"1":[3,0],"2":[0,3],"3":[3,0]},"_coverageSchema":"1a1c01bbd47fc00a2c39e90264f33305004495a9","hash":"e4ec78ad94cc5f3e7f13ffc5772f85458b7d7be4"}
,"C:\\Users\\herna\\OneDrive\\Documentos\\UDEMY\\nodeJsConMongoApiRest\\config\\mongo.js": {"path":"C:\\Users\\herna\\OneDrive\\Documentos\\UDEMY\\nodeJsConMongoApiRest\\config\\mongo.js","statementMap":{"0":{"start":{"line":2,"column":17},"end":{"line":2,"column":37}},"1":{"start":{"line":5,"column":18},"end":{"line":15,"column":1}},"2":{"start":{"line":6,"column":0},"end":{"line":14,"column":1}},"3":{"start":{"line":7,"column":23},"end":{"line":7,"column":47}},"4":{"start":{"line":8,"column":8},"end":{"line":9,"column":11}},"5":{"start":{"line":10,"column":8},"end":{"line":10,"column":39}},"6":{"start":{"line":13,"column":4},"end":{"line":13,"column":22}},"7":{"start":{"line":16,"column":0},"end":{"line":16,"column":26}}},"fnMap":{"0":{"name":"(anonymous_0)","decl":{"start":{"line":5,"column":18},"end":{"line":5,"column":19}},"loc":{"start":{"line":5,"column":29},"end":{"line":15,"column":1}},"line":5}},"branchMap":{},"s":{"0":3,"1":3,"2":3,"3":3,"4":3,"5":3,"6":0,"7":3},"f":{"0":3},"b":{},"_coverageSchema":"1a1c01bbd47fc00a2c39e90264f33305004495a9","hash":"0c8e5c0f39c021a614d3d2652a4381e49ef27e7a"}
,"C:\\Users\\herna\\OneDrive\\Documentos\\UDEMY\\nodeJsConMongoApiRest\\config\\mysql.js": {"path":"C:\\Users\\herna\\OneDrive\\Documentos\\UDEMY\\nodeJsConMongoApiRest\\config\\mysql.js","statementMap":{"0":{"start":{"line":1,"column":22},"end":{"line":1,"column":42}},"1":{"start":{"line":2,"column":17},"end":{"line":2,"column":37}},"2":{"start":{"line":4,"column":17},"end":{"line":4,"column":101}},"3":{"start":{"line":5,"column":17},"end":{"line":5,"column":39}},"4":{"start":{"line":6,"column":17},"end":{"line":6,"column":43}},"5":{"start":{"line":7,"column":13},"end":{"line":7,"column":35}},"6":{"start":{"line":9,"column":18},"end":{"line":12,"column":2}},"7":{"start":{"line":14,"column":23},"end":{"line":21,"column":1}},"8":{"start":{"line":15,"column":2},"end":{"line":20,"column":3}},"9":{"start":{"line":16,"column":4},"end":{"line":16,"column":35}},"10":{"start":{"line":17,"column":4},"end":{"line":17,"column":43}},"11":{"start":{"line":19,"column":4},"end":{"line":19,"column":46}},"12":{"start":{"line":24,"column":0},"end":{"line":24,"column":44}}},"fnMap":{"0":{"name":"(anonymous_0)","decl":{"start":{"line":14,"column":23},"end":{"line":14,"column":24}},"loc":{"start":{"line":14,"column":35},"end":{"line":21,"column":1}},"line":14}},"branchMap":{"0":{"loc":{"start":{"line":4,"column":17},"end":{"line":4,"column":101}},"type":"cond-expr","locations":[{"start":{"line":4,"column":41},"end":{"line":4,"column":72}},{"start":{"line":4,"column":75},"end":{"line":4,"column":101}}],"line":4}},"s":{"0":3,"1":3,"2":3,"3":3,"4":3,"5":3,"6":3,"7":3,"8":0,"9":0,"10":0,"11":0,"12":3},"f":{"0":0},"b":{"0":[3,0]},"_coverageSchema":"1a1c01bbd47fc00a2c39e90264f33305004495a9","hash":"911b2a5e3dc71184f839a225818e22c506386a22"}
,"C:\\Users\\herna\\OneDrive\\Documentos\\UDEMY\\nodeJsConMongoApiRest\\controllers\\auth.js": {"path":"C:\\Users\\herna\\OneDrive\\Documentos\\UDEMY\\nodeJsConMongoApiRest\\controllers\\auth.js","statementMap":{"0":{"start":{"line":1,"column":24},"end":{"line":1,"column":52}},"1":{"start":{"line":2,"column":29},"end":{"line":2,"column":63}},"2":{"start":{"line":3,"column":22},"end":{"line":3,"column":51}},"3":{"start":{"line":4,"column":28},"end":{"line":4,"column":59}},"4":{"start":{"line":5,"column":23},"end":{"line":5,"column":43}},"5":{"start":{"line":12,"column":21},"end":{"line":30,"column":1}},"6":{"start":{"line":13,"column":2},"end":{"line":29,"column":3}},"7":{"start":{"line":14,"column":4},"end":{"line":14,"column":27}},"8":{"start":{"line":15,"column":21},"end":{"line":15,"column":48}},"9":{"start":{"line":16,"column":17},"end":{"line":16,"column":37}},"10":{"start":{"line":17,"column":21},"end":{"line":17,"column":50}},"11":{"start":{"line":18,"column":4},"end":{"line":18,"column":59}},"12":{"start":{"line":20,"column":17},"end":{"line":23,"column":5}},"13":{"start":{"line":24,"column":4},"end":{"line":24,"column":19}},"14":{"start":{"line":25,"column":4},"end":{"line":25,"column":23}},"15":{"start":{"line":27,"column":4},"end":{"line":27,"column":18}},"16":{"start":{"line":28,"column":4},"end":{"line":28,"column":47}},"17":{"start":{"line":37,"column":18},"end":{"line":69,"column":1}},"18":{"start":{"line":38,"column":2},"end":{"line":68,"column":3}},"19":{"start":{"line":39,"column":4},"end":{"line":39,"column":27}},"20":{"start":{"line":40,"column":17},"end":{"line":40,"column":60}},"21":{"start":{"line":42,"column":4},"end":{"line":45,"column":5}},"22":{"start":{"line":43,"column":6},"end":{"line":43,"column":51}},"23":{"start":{"line":44,"column":6},"end":{"line":44,"column":12}},"24":{"start":{"line":47,"column":25},"end":{"line":47,"column":45}},"25":{"start":{"line":49,"column":18},"end":{"line":49,"column":59}},"26":{"start":{"line":51,"column":4},"end":{"line":54,"column":5}},"27":{"start":{"line":52,"column":6},"end":{"line":52,"column":52}},"28":{"start":{"line":53,"column":6},"end":{"line":53,"column":12}},"29":{"start":{"line":56,"column":4},"end":{"line":56,"column":51}},"30":{"start":{"line":57,"column":17},"end":{"line":60,"column":5}},"31":{"start":{"line":62,"column":4},"end":{"line":62,"column":20}},"32":{"start":{"line":66,"column":4},"end":{"line":66,"column":18}},"33":{"start":{"line":67,"column":4},"end":{"line":67,"column":44}},"34":{"start":{"line":71,"column":0},"end":{"line":71,"column":45}}},"fnMap":{"0":{"name":"(anonymous_0)","decl":{"start":{"line":12,"column":21},"end":{"line":12,"column":22}},"loc":{"start":{"line":12,"column":41},"end":{"line":30,"column":1}},"line":12},"1":{"name":"(anonymous_1)","decl":{"start":{"line":37,"column":18},"end":{"line":37,"column":19}},"loc":{"start":{"line":37,"column":38},"end":{"line":69,"column":1}},"line":37}},"branchMap":{"0":{"loc":{"start":{"line":42,"column":4},"end":{"line":45,"column":5}},"type":"if","locations":[{"start":{"line":42,"column":4},"end":{"line":45,"column":5}},{"start":{},"end":{}}],"line":42},"1":{"loc":{"start":{"line":51,"column":4},"end":{"line":54,"column":5}},"type":"if","locations":[{"start":{"line":51,"column":4},"end":{"line":54,"column":5}},{"start":{},"end":{}}],"line":51}},"s":{"0":3,"1":3,"2":3,"3":3,"4":3,"5":3,"6":1,"7":1,"8":1,"9":1,"10":1,"11":1,"12":1,"13":1,"14":1,"15":0,"16":0,"17":3,"18":3,"19":3,"20":3,"21":3,"22":3,"23":3,"24":0,"25":0,"26":0,"27":0,"28":0,"29":0,"30":0,"31":0,"32":0,"33":0,"34":3},"f":{"0":1,"1":3},"b":{"0":[3,0],"1":[0,0]},"_coverageSchema":"1a1c01bbd47fc00a2c39e90264f33305004495a9","hash":"975d6c4047cd68e9af61a69592586db8db2e808b"}
,"C:\\Users\\herna\\OneDrive\\Documentos\\UDEMY\\nodeJsConMongoApiRest\\controllers\\storage.js": {"path":"C:\\Users\\herna\\OneDrive\\Documentos\\UDEMY\\nodeJsConMongoApiRest\\controllers\\storage.js","statementMap":{"0":{"start":{"line":1,"column":11},"end":{"line":1,"column":24}},"1":{"start":{"line":2,"column":24},"end":{"line":2,"column":52}},"2":{"start":{"line":3,"column":25},"end":{"line":3,"column":45}},"3":{"start":{"line":4,"column":28},"end":{"line":4,"column":59}},"4":{"start":{"line":6,"column":19},"end":{"line":6,"column":41}},"5":{"start":{"line":7,"column":19},"end":{"line":7,"column":44}},"6":{"start":{"line":13,"column":17},"end":{"line":20,"column":1}},"7":{"start":{"line":14,"column":2},"end":{"line":19,"column":3}},"8":{"start":{"line":15,"column":17},"end":{"line":15,"column":44}},"9":{"start":{"line":16,"column":4},"end":{"line":16,"column":23}},"10":{"start":{"line":18,"column":4},"end":{"line":18,"column":45}},"11":{"start":{"line":27,"column":16},"end":{"line":36,"column":1}},"12":{"start":{"line":28,"column":2},"end":{"line":35,"column":3}},"13":{"start":{"line":29,"column":19},"end":{"line":29,"column":35}},"14":{"start":{"line":30,"column":17},"end":{"line":30,"column":48}},"15":{"start":{"line":31,"column":4},"end":{"line":31,"column":23}},"16":{"start":{"line":33,"column":4},"end":{"line":33,"column":18}},"17":{"start":{"line":34,"column":4},"end":{"line":34,"column":47}},"18":{"start":{"line":43,"column":19},"end":{"line":56,"column":1}},"19":{"start":{"line":44,"column":2},"end":{"line":55,"column":3}},"20":{"start":{"line":45,"column":21},"end":{"line":45,"column":24}},"21":{"start":{"line":46,"column":21},"end":{"line":49,"column":5}},"22":{"start":{"line":50,"column":17},"end":{"line":50,"column":52}},"23":{"start":{"line":51,"column":4},"end":{"line":51,"column":20}},"24":{"start":{"line":52,"column":4},"end":{"line":52,"column":23}},"25":{"start":{"line":54,"column":4},"end":{"line":54,"column":47}},"26":{"start":{"line":63,"column":19},"end":{"line":81,"column":1}},"27":{"start":{"line":64,"column":2},"end":{"line":80,"column":3}},"28":{"start":{"line":65,"column":19},"end":{"line":65,"column":35}},"29":{"start":{"line":66,"column":21},"end":{"line":66,"column":52}},"30":{"start":{"line":67,"column":27},"end":{"line":67,"column":65}},"31":{"start":{"line":68,"column":25},"end":{"line":68,"column":33}},"32":{"start":{"line":69,"column":21},"end":{"line":69,"column":48}},"33":{"start":{"line":72,"column":17},"end":{"line":75,"column":5}},"34":{"start":{"line":77,"column":4},"end":{"line":77,"column":23}},"35":{"start":{"line":79,"column":4},"end":{"line":79,"column":47}},"36":{"start":{"line":83,"column":0},"end":{"line":83,"column":63}}},"fnMap":{"0":{"name":"(anonymous_0)","decl":{"start":{"line":13,"column":17},"end":{"line":13,"column":18}},"loc":{"start":{"line":13,"column":37},"end":{"line":20,"column":1}},"line":13},"1":{"name":"(anonymous_1)","decl":{"start":{"line":27,"column":16},"end":{"line":27,"column":17}},"loc":{"start":{"line":27,"column":36},"end":{"line":36,"column":1}},"line":27},"2":{"name":"(anonymous_2)","decl":{"start":{"line":43,"column":19},"end":{"line":43,"column":20}},"loc":{"start":{"line":43,"column":39},"end":{"line":56,"column":1}},"line":43},"3":{"name":"(anonymous_3)","decl":{"start":{"line":63,"column":19},"end":{"line":63,"column":20}},"loc":{"start":{"line":63,"column":39},"end":{"line":81,"column":1}},"line":63}},"branchMap":{},"s":{"0":3,"1":3,"2":3,"3":3,"4":3,"5":3,"6":3,"7":1,"8":1,"9":1,"10":0,"11":3,"12":0,"13":0,"14":0,"15":0,"16":0,"17":0,"18":3,"19":1,"20":1,"21":1,"22":1,"23":1,"24":1,"25":0,"26":3,"27":0,"28":0,"29":0,"30":0,"31":0,"32":0,"33":0,"34":0,"35":0,"36":3},"f":{"0":1,"1":0,"2":1,"3":0},"b":{},"_coverageSchema":"1a1c01bbd47fc00a2c39e90264f33305004495a9","hash":"5334868de1f96577daf19c3ef3401abaa40df1e0"}
,"C:\\Users\\herna\\OneDrive\\Documentos\\UDEMY\\nodeJsConMongoApiRest\\controllers\\tracks.js": {"path":"C:\\Users\\herna\\OneDrive\\Documentos\\UDEMY\\nodeJsConMongoApiRest\\controllers\\tracks.js","statementMap":{"0":{"start":{"line":1,"column":24},"end":{"line":1,"column":52}},"1":{"start":{"line":2,"column":24},"end":{"line":2,"column":44}},"2":{"start":{"line":3,"column":28},"end":{"line":3,"column":59}},"3":{"start":{"line":10,"column":17},"end":{"line":19,"column":1}},"4":{"start":{"line":11,"column":2},"end":{"line":18,"column":3}},"5":{"start":{"line":12,"column":17},"end":{"line":12,"column":25}},"6":{"start":{"line":13,"column":17},"end":{"line":13,"column":50}},"7":{"start":{"line":14,"column":4},"end":{"line":14,"column":30}},"8":{"start":{"line":16,"column":4},"end":{"line":16,"column":18}},"9":{"start":{"line":17,"column":4},"end":{"line":17,"column":44}},"10":{"start":{"line":26,"column":16},"end":{"line":35,"column":1}},"11":{"start":{"line":27,"column":2},"end":{"line":34,"column":3}},"12":{"start":{"line":28,"column":4},"end":{"line":28,"column":27}},"13":{"start":{"line":29,"column":17},"end":{"line":29,"column":20}},"14":{"start":{"line":30,"column":17},"end":{"line":30,"column":50}},"15":{"start":{"line":31,"column":4},"end":{"line":31,"column":23}},"16":{"start":{"line":33,"column":4},"end":{"line":33,"column":41}},"17":{"start":{"line":42,"column":19},"end":{"line":51,"column":1}},"18":{"start":{"line":43,"column":2},"end":{"line":50,"column":3}},"19":{"start":{"line":44,"column":17},"end":{"line":44,"column":33}},"20":{"start":{"line":45,"column":17},"end":{"line":45,"column":47}},"21":{"start":{"line":46,"column":4},"end":{"line":46,"column":20}},"22":{"start":{"line":47,"column":4},"end":{"line":47,"column":23}},"23":{"start":{"line":49,"column":4},"end":{"line":49,"column":47}},"24":{"start":{"line":58,"column":19},"end":{"line":68,"column":1}},"25":{"start":{"line":59,"column":2},"end":{"line":67,"column":3}},"26":{"start":{"line":60,"column":26},"end":{"line":60,"column":42}},"27":{"start":{"line":61,"column":17},"end":{"line":63,"column":5}},"28":{"start":{"line":64,"column":4},"end":{"line":64,"column":23}},"29":{"start":{"line":66,"column":4},"end":{"line":66,"column":47}},"30":{"start":{"line":75,"column":19},"end":{"line":89,"column":1}},"31":{"start":{"line":76,"column":2},"end":{"line":88,"column":3}},"32":{"start":{"line":77,"column":4},"end":{"line":77,"column":27}},"33":{"start":{"line":78,"column":17},"end":{"line":78,"column":20}},"34":{"start":{"line":79,"column":27},"end":{"line":79,"column":61}},"35":{"start":{"line":80,"column":17},"end":{"line":82,"column":5}},"36":{"start":{"line":84,"column":4},"end":{"line":84,"column":21}},"37":{"start":{"line":86,"column":4},"end":{"line":86,"column":18}},"38":{"start":{"line":87,"column":4},"end":{"line":87,"column":44}},"39":{"start":{"line":91,"column":0},"end":{"line":91,"column":75}}},"fnMap":{"0":{"name":"(anonymous_0)","decl":{"start":{"line":10,"column":17},"end":{"line":10,"column":18}},"loc":{"start":{"line":10,"column":37},"end":{"line":19,"column":1}},"line":10},"1":{"name":"(anonymous_1)","decl":{"start":{"line":26,"column":16},"end":{"line":26,"column":17}},"loc":{"start":{"line":26,"column":36},"end":{"line":35,"column":1}},"line":26},"2":{"name":"(anonymous_2)","decl":{"start":{"line":42,"column":19},"end":{"line":42,"column":20}},"loc":{"start":{"line":42,"column":39},"end":{"line":51,"column":1}},"line":42},"3":{"name":"(anonymous_3)","decl":{"start":{"line":58,"column":19},"end":{"line":58,"column":20}},"loc":{"start":{"line":58,"column":39},"end":{"line":68,"column":1}},"line":58},"4":{"name":"(anonymous_4)","decl":{"start":{"line":75,"column":19},"end":{"line":75,"column":20}},"loc":{"start":{"line":75,"column":39},"end":{"line":89,"column":1}},"line":75}},"branchMap":{},"s":{"0":3,"1":3,"2":3,"3":3,"4":1,"5":1,"6":1,"7":1,"8":0,"9":0,"10":3,"11":0,"12":0,"13":0,"14":0,"15":0,"16":0,"17":3,"18":0,"19":0,"20":0,"21":0,"22":0,"23":0,"24":3,"25":0,"26":0,"27":0,"28":0,"29":0,"30":3,"31":0,"32":0,"33":0,"34":0,"35":0,"36":0,"37":0,"38":0,"39":3},"f":{"0":1,"1":0,"2":0,"3":0,"4":0},"b":{},"_coverageSchema":"1a1c01bbd47fc00a2c39e90264f33305004495a9","hash":"5ad89e567fe0c5a1096221870353f5949c3293ce"}
,"C:\\Users\\herna\\OneDrive\\Documentos\\UDEMY\\nodeJsConMongoApiRest\\docs\\swagger.js": {"path":"C:\\Users\\herna\\OneDrive\\Documentos\\UDEMY\\nodeJsConMongoApiRest\\docs\\swagger.js","statementMap":{"0":{"start":{"line":1,"column":21},"end":{"line":1,"column":45}},"1":{"start":{"line":7,"column":26},"end":{"line":115,"column":1}},"2":{"start":{"line":120,"column":16},"end":{"line":123,"column":1}},"3":{"start":{"line":125,"column":28},"end":{"line":125,"column":49}},"4":{"start":{"line":127,"column":0},"end":{"line":127,"column":37}}},"fnMap":{},"branchMap":{},"s":{"0":3,"1":3,"2":3,"3":3,"4":3},"f":{},"b":{},"_coverageSchema":"1a1c01bbd47fc00a2c39e90264f33305004495a9","hash":"3b1e2894da324a6070b84d91409427bdf9cf6925"}
,"C:\\Users\\herna\\OneDrive\\Documentos\\UDEMY\\nodeJsConMongoApiRest\\middleware\\rol.js": {"path":"C:\\Users\\herna\\OneDrive\\Documentos\\UDEMY\\nodeJsConMongoApiRest\\middleware\\rol.js","statementMap":{"0":{"start":{"line":1,"column":28},"end":{"line":1,"column":59}},"1":{"start":{"line":7,"column":17},"end":{"line":23,"column":1}},"2":{"start":{"line":7,"column":28},"end":{"line":23,"column":1}},"3":{"start":{"line":8,"column":2},"end":{"line":22,"column":3}},"4":{"start":{"line":9,"column":21},"end":{"line":9,"column":24}},"5":{"start":{"line":10,"column":24},"end":{"line":10,"column":33}},"6":{"start":{"line":12,"column":26},"end":{"line":14,"column":5}},"7":{"start":{"line":13,"column":6},"end":{"line":13,"column":37}},"8":{"start":{"line":15,"column":4},"end":{"line":18,"column":5}},"9":{"start":{"line":16,"column":6},"end":{"line":16,"column":56}},"10":{"start":{"line":17,"column":6},"end":{"line":17,"column":13}},"11":{"start":{"line":19,"column":4},"end":{"line":19,"column":11}},"12":{"start":{"line":21,"column":4},"end":{"line":21,"column":51}},"13":{"start":{"line":25,"column":0},"end":{"line":25,"column":26}}},"fnMap":{"0":{"name":"(anonymous_0)","decl":{"start":{"line":7,"column":17},"end":{"line":7,"column":18}},"loc":{"start":{"line":7,"column":28},"end":{"line":23,"column":1}},"line":7},"1":{"name":"(anonymous_1)","decl":{"start":{"line":7,"column":28},"end":{"line":7,"column":29}},"loc":{"start":{"line":7,"column":48},"end":{"line":23,"column":1}},"line":7},"2":{"name":"(anonymous_2)","decl":{"start":{"line":12,"column":37},"end":{"line":12,"column":38}},"loc":{"start":{"line":13,"column":6},"end":{"line":13,"column":37}},"line":13}},"branchMap":{"0":{"loc":{"start":{"line":15,"column":4},"end":{"line":18,"column":5}},"type":"if","locations":[{"start":{"line":15,"column":4},"end":{"line":18,"column":5}},{"start":{},"end":{}}],"line":15}},"s":{"0":3,"1":3,"2":3,"3":1,"4":1,"5":1,"6":1,"7":1,"8":0,"9":0,"10":0,"11":0,"12":1,"13":3},"f":{"0":3,"1":1,"2":1},"b":{"0":[0,0]},"_coverageSchema":"1a1c01bbd47fc00a2c39e90264f33305004495a9","hash":"20b2e75f6e379cfa4a26b8441a5a2de06bf1321e"}
,"C:\\Users\\herna\\OneDrive\\Documentos\\UDEMY\\nodeJsConMongoApiRest\\middleware\\session.js": {"path":"C:\\Users\\herna\\OneDrive\\Documentos\\UDEMY\\nodeJsConMongoApiRest\\middleware\\session.js","statementMap":{"0":{"start":{"line":1,"column":28},"end":{"line":1,"column":59}},"1":{"start":{"line":2,"column":24},"end":{"line":2,"column":53}},"2":{"start":{"line":3,"column":21},"end":{"line":3,"column":41}},"3":{"start":{"line":4,"column":22},"end":{"line":4,"column":64}},"4":{"start":{"line":5,"column":22},"end":{"line":5,"column":37}},"5":{"start":{"line":7,"column":23},"end":{"line":36,"column":1}},"6":{"start":{"line":8,"column":2},"end":{"line":35,"column":3}},"7":{"start":{"line":10,"column":4},"end":{"line":13,"column":5}},"8":{"start":{"line":11,"column":8},"end":{"line":11,"column":50}},"9":{"start":{"line":12,"column":8},"end":{"line":12,"column":14}},"10":{"start":{"line":15,"column":18},"end":{"line":15,"column":60}},"11":{"start":{"line":16,"column":22},"end":{"line":16,"column":46}},"12":{"start":{"line":18,"column":4},"end":{"line":21,"column":5}},"13":{"start":{"line":19,"column":8},"end":{"line":19,"column":54}},"14":{"start":{"line":20,"column":8},"end":{"line":20,"column":14}},"15":{"start":{"line":23,"column":18},"end":{"line":25,"column":5}},"16":{"start":{"line":27,"column":17},"end":{"line":27,"column":48}},"17":{"start":{"line":28,"column":4},"end":{"line":28,"column":19}},"18":{"start":{"line":30,"column":4},"end":{"line":30,"column":10}},"19":{"start":{"line":34,"column":4},"end":{"line":34,"column":45}},"20":{"start":{"line":38,"column":0},"end":{"line":38,"column":32}}},"fnMap":{"0":{"name":"(anonymous_0)","decl":{"start":{"line":7,"column":23},"end":{"line":7,"column":24}},"loc":{"start":{"line":7,"column":49},"end":{"line":36,"column":1}},"line":7}},"branchMap":{"0":{"loc":{"start":{"line":10,"column":4},"end":{"line":13,"column":5}},"type":"if","locations":[{"start":{"line":10,"column":4},"end":{"line":13,"column":5}},{"start":{},"end":{}}],"line":10},"1":{"loc":{"start":{"line":18,"column":4},"end":{"line":21,"column":5}},"type":"if","locations":[{"start":{"line":18,"column":4},"end":{"line":21,"column":5}},{"start":{},"end":{}}],"line":18}},"s":{"0":3,"1":3,"2":3,"3":3,"4":3,"5":3,"6":1,"7":1,"8":0,"9":0,"10":1,"11":1,"12":1,"13":0,"14":0,"15":1,"16":1,"17":1,"18":1,"19":0,"20":3},"f":{"0":1},"b":{"0":[0,1],"1":[0,1]},"_coverageSchema":"1a1c01bbd47fc00a2c39e90264f33305004495a9","hash":"2f5761b2d78e1a3a51ec2b585b943b2d39e311e2"}
,"C:\\Users\\herna\\OneDrive\\Documentos\\UDEMY\\nodeJsConMongoApiRest\\models\\index.js": {"path":"C:\\Users\\herna\\OneDrive\\Documentos\\UDEMY\\nodeJsConMongoApiRest\\models\\index.js","statementMap":{"0":{"start":{"line":1,"column":18},"end":{"line":1,"column":39}},"1":{"start":{"line":3,"column":19},"end":{"line":3,"column":64}},"2":{"start":{"line":5,"column":15},"end":{"line":9,"column":1}},"3":{"start":{"line":11,"column":0},"end":{"line":11,"column":24}}},"fnMap":{},"branchMap":{"0":{"loc":{"start":{"line":3,"column":19},"end":{"line":3,"column":64}},"type":"cond-expr","locations":[{"start":{"line":3,"column":43},"end":{"line":3,"column":52}},{"start":{"line":3,"column":55},"end":{"line":3,"column":64}}],"line":3}},"s":{"0":3,"1":3,"2":3,"3":3},"f":{},"b":{"0":[3,0]},"_coverageSchema":"1a1c01bbd47fc00a2c39e90264f33305004495a9","hash":"bfd55bbeff58954f844cdc8d0660ae674d271701"}
,"C:\\Users\\herna\\OneDrive\\Documentos\\UDEMY\\nodeJsConMongoApiRest\\models\\noSQL\\storage.js": {"path":"C:\\Users\\herna\\OneDrive\\Documentos\\UDEMY\\nodeJsConMongoApiRest\\models\\noSQL\\storage.js","statementMap":{"0":{"start":{"line":1,"column":17},"end":{"line":1,"column":36}},"1":{"start":{"line":2,"column":23},"end":{"line":2,"column":49}},"2":{"start":{"line":3,"column":22},"end":{"line":16,"column":1}},"3":{"start":{"line":17,"column":0},"end":{"line":17,"column":65}},"4":{"start":{"line":18,"column":0},"end":{"line":18,"column":58}}},"fnMap":{},"branchMap":{},"s":{"0":3,"1":3,"2":3,"3":3,"4":3},"f":{},"b":{},"_coverageSchema":"1a1c01bbd47fc00a2c39e90264f33305004495a9","hash":"a85c1a34b6c4c626c8a96cced5fa674c2dc744e9"}
,"C:\\Users\\herna\\OneDrive\\Documentos\\UDEMY\\nodeJsConMongoApiRest\\models\\noSQL\\tracks.js": {"path":"C:\\Users\\herna\\OneDrive\\Documentos\\UDEMY\\nodeJsConMongoApiRest\\models\\noSQL\\tracks.js","statementMap":{"0":{"start":{"line":1,"column":17},"end":{"line":1,"column":36}},"1":{"start":{"line":2,"column":23},"end":{"line":2,"column":49}},"2":{"start":{"line":3,"column":21},"end":{"line":47,"column":1}},"3":{"start":{"line":15,"column":10},"end":{"line":15,"column":22}},"4":{"start":{"line":53,"column":0},"end":{"line":69,"column":2}},"5":{"start":{"line":54,"column":19},"end":{"line":67,"column":4}},"6":{"start":{"line":68,"column":2},"end":{"line":68,"column":18}},"7":{"start":{"line":71,"column":0},"end":{"line":91,"column":2}},"8":{"start":{"line":72,"column":19},"end":{"line":89,"column":4}},"9":{"start":{"line":90,"column":2},"end":{"line":90,"column":18}},"10":{"start":{"line":93,"column":0},"end":{"line":93,"column":64}},"11":{"start":{"line":94,"column":0},"end":{"line":94,"column":56}}},"fnMap":{"0":{"name":"(anonymous_0)","decl":{"start":{"line":14,"column":19},"end":{"line":14,"column":20}},"loc":{"start":{"line":14,"column":28},"end":{"line":16,"column":9}},"line":14},"1":{"name":"(anonymous_1)","decl":{"start":{"line":53,"column":35},"end":{"line":53,"column":36}},"loc":{"start":{"line":53,"column":47},"end":{"line":69,"column":1}},"line":53},"2":{"name":"(anonymous_2)","decl":{"start":{"line":71,"column":35},"end":{"line":71,"column":36}},"loc":{"start":{"line":71,"column":49},"end":{"line":91,"column":1}},"line":71}},"branchMap":{},"s":{"0":3,"1":3,"2":3,"3":0,"4":3,"5":1,"6":1,"7":3,"8":0,"9":0,"10":3,"11":3},"f":{"0":0,"1":1,"2":0},"b":{},"_coverageSchema":"1a1c01bbd47fc00a2c39e90264f33305004495a9","hash":"f03bd29200c0e79313527fb8f74e4bbf055c730a"}
,"C:\\Users\\herna\\OneDrive\\Documentos\\UDEMY\\nodeJsConMongoApiRest\\models\\noSQL\\users.js": {"path":"C:\\Users\\herna\\OneDrive\\Documentos\\UDEMY\\nodeJsConMongoApiRest\\models\\noSQL\\users.js","statementMap":{"0":{"start":{"line":1,"column":17},"end":{"line":1,"column":37}},"1":{"start":{"line":2,"column":23},"end":{"line":2,"column":49}},"2":{"start":{"line":3,"column":19},"end":{"line":37,"column":1}},"3":{"start":{"line":38,"column":0},"end":{"line":38,"column":58}},"4":{"start":{"line":39,"column":0},"end":{"line":39,"column":51}}},"fnMap":{},"branchMap":{},"s":{"0":3,"1":3,"2":3,"3":3,"4":3},"f":{},"b":{},"_coverageSchema":"1a1c01bbd47fc00a2c39e90264f33305004495a9","hash":"7a2e79876932cbc3701328b8760b1a79be38a2ef"}
,"C:\\Users\\herna\\OneDrive\\Documentos\\UDEMY\\nodeJsConMongoApiRest\\routes\\auth.js": {"path":"C:\\Users\\herna\\OneDrive\\Documentos\\UDEMY\\nodeJsConMongoApiRest\\routes\\auth.js","statementMap":{"0":{"start":{"line":1,"column":16},"end":{"line":1,"column":34}},"1":{"start":{"line":2,"column":34},"end":{"line":2,"column":64}},"2":{"start":{"line":3,"column":15},"end":{"line":3,"column":31}},"3":{"start":{"line":4,"column":46},"end":{"line":4,"column":75}},"4":{"start":{"line":7,"column":0},"end":{"line":7,"column":58}},"5":{"start":{"line":29,"column":0},"end":{"line":29,"column":49}},"6":{"start":{"line":31,"column":0},"end":{"line":31,"column":24}}},"fnMap":{},"branchMap":{},"s":{"0":3,"1":3,"2":3,"3":3,"4":3,"5":3,"6":3},"f":{},"b":{},"_coverageSchema":"1a1c01bbd47fc00a2c39e90264f33305004495a9","hash":"538917528e57c3434a9d88fd4b515b5fa50128a5"}
,"C:\\Users\\herna\\OneDrive\\Documentos\\UDEMY\\nodeJsConMongoApiRest\\routes\\index.js": {"path":"C:\\Users\\herna\\OneDrive\\Documentos\\UDEMY\\nodeJsConMongoApiRest\\routes\\index.js","statementMap":{"0":{"start":{"line":1,"column":16},"end":{"line":1,"column":34}},"1":{"start":{"line":2,"column":11},"end":{"line":2,"column":24}},"2":{"start":{"line":3,"column":15},"end":{"line":3,"column":31}},"3":{"start":{"line":5,"column":20},"end":{"line":5,"column":29}},"4":{"start":{"line":7,"column":24},"end":{"line":10,"column":1}},"5":{"start":{"line":9,"column":4},"end":{"line":9,"column":38}},"6":{"start":{"line":12,"column":0},"end":{"line":18,"column":2}},"7":{"start":{"line":13,"column":17},"end":{"line":13,"column":38}},"8":{"start":{"line":14,"column":4},"end":{"line":17,"column":5}},"9":{"start":{"line":15,"column":8},"end":{"line":15,"column":45}},"10":{"start":{"line":16,"column":8},"end":{"line":16,"column":51}},"11":{"start":{"line":20,"column":0},"end":{"line":20,"column":23}}},"fnMap":{"0":{"name":"(anonymous_0)","decl":{"start":{"line":7,"column":24},"end":{"line":7,"column":25}},"loc":{"start":{"line":7,"column":38},"end":{"line":10,"column":1}},"line":7},"1":{"name":"(anonymous_1)","decl":{"start":{"line":12,"column":35},"end":{"line":12,"column":36}},"loc":{"start":{"line":12,"column":45},"end":{"line":18,"column":1}},"line":12}},"branchMap":{"0":{"loc":{"start":{"line":14,"column":4},"end":{"line":17,"column":5}},"type":"if","locations":[{"start":{"line":14,"column":4},"end":{"line":17,"column":5}},{"start":{},"end":{}}],"line":14}},"s":{"0":3,"1":3,"2":3,"3":3,"4":3,"5":12,"6":3,"7":12,"8":12,"9":9,"10":9,"11":3},"f":{"0":12,"1":12},"b":{"0":[9,3]},"_coverageSchema":"1a1c01bbd47fc00a2c39e90264f33305004495a9","hash":"7578607b47c9d23c0c34f32ba5e06126215756ab"}
,"C:\\Users\\herna\\OneDrive\\Documentos\\UDEMY\\nodeJsConMongoApiRest\\routes\\storage.js": {"path":"C:\\Users\\herna\\OneDrive\\Documentos\\UDEMY\\nodeJsConMongoApiRest\\routes\\storage.js","statementMap":{"0":{"start":{"line":1,"column":16},"end":{"line":1,"column":34}},"1":{"start":{"line":2,"column":15},"end":{"line":2,"column":31}},"2":{"start":{"line":3,"column":25},"end":{"line":3,"column":58}},"3":{"start":{"line":4,"column":27},"end":{"line":4,"column":59}},"4":{"start":{"line":11,"column":4},"end":{"line":11,"column":37}},"5":{"start":{"line":36,"column":0},"end":{"line":36,"column":26}},"6":{"start":{"line":65,"column":0},"end":{"line":65,"column":46}},"7":{"start":{"line":90,"column":0},"end":{"line":90,"column":52}},"8":{"start":{"line":122,"column":0},"end":{"line":122,"column":64}},"9":{"start":{"line":124,"column":0},"end":{"line":124,"column":24}}},"fnMap":{},"branchMap":{},"s":{"0":3,"1":3,"2":3,"3":3,"4":3,"5":3,"6":3,"7":3,"8":3,"9":3},"f":{},"b":{},"_coverageSchema":"1a1c01bbd47fc00a2c39e90264f33305004495a9","hash":"9ac525c189c3d8db1c4bfb1a019e3da72f36b8ce"}
,"C:\\Users\\herna\\OneDrive\\Documentos\\UDEMY\\nodeJsConMongoApiRest\\routes\\tracks.js": {"path":"C:\\Users\\herna\\OneDrive\\Documentos\\UDEMY\\nodeJsConMongoApiRest\\routes\\tracks.js","statementMap":{"0":{"start":{"line":1,"column":16},"end":{"line":1,"column":34}},"1":{"start":{"line":2,"column":15},"end":{"line":2,"column":31}},"2":{"start":{"line":3,"column":23},"end":{"line":3,"column":55}},"3":{"start":{"line":4,"column":17},"end":{"line":4,"column":45}},"4":{"start":{"line":8,"column":4},"end":{"line":8,"column":35}},"5":{"start":{"line":15,"column":4},"end":{"line":15,"column":36}},"6":{"start":{"line":40,"column":0},"end":{"line":40,"column":26}},"7":{"start":{"line":69,"column":0},"end":{"line":69,"column":46}},"8":{"start":{"line":97,"column":0},"end":{"line":103,"column":2}},"9":{"start":{"line":142,"column":0},"end":{"line":148,"column":2}},"10":{"start":{"line":173,"column":0},"end":{"line":173,"column":68}},"11":{"start":{"line":174,"column":0},"end":{"line":174,"column":24}}},"fnMap":{},"branchMap":{},"s":{"0":3,"1":3,"2":3,"3":3,"4":3,"5":3,"6":3,"7":3,"8":3,"9":3,"10":3,"11":3},"f":{},"b":{},"_coverageSchema":"1a1c01bbd47fc00a2c39e90264f33305004495a9","hash":"afef49b156209b1d4f2b22e3cf091bdf182d3c4b"}
,"C:\\Users\\herna\\OneDrive\\Documentos\\UDEMY\\nodeJsConMongoApiRest\\test\\helper\\helperData.js": {"path":"C:\\Users\\herna\\OneDrive\\Documentos\\UDEMY\\nodeJsConMongoApiRest\\test\\helper\\helperData.js","statementMap":{"0":{"start":{"line":1,"column":22},"end":{"line":4,"column":3}},"1":{"start":{"line":6,"column":27},"end":{"line":11,"column":3}},"2":{"start":{"line":13,"column":32},"end":{"line":19,"column":3}},"3":{"start":{"line":21,"column":30},"end":{"line":24,"column":3}},"4":{"start":{"line":26,"column":24},"end":{"line":40,"column":3}},"5":{"start":{"line":43,"column":2},"end":{"line":49,"column":3}}},"fnMap":{},"branchMap":{},"s":{"0":3,"1":3,"2":3,"3":3,"4":3,"5":3},"f":{},"b":{},"_coverageSchema":"1a1c01bbd47fc00a2c39e90264f33305004495a9","hash":"14a4d50f2795d40b18818866dc7d84f16fea434d"}
,"C:\\Users\\herna\\OneDrive\\Documentos\\UDEMY\\nodeJsConMongoApiRest\\utils\\handleError.js": {"path":"C:\\Users\\herna\\OneDrive\\Documentos\\UDEMY\\nodeJsConMongoApiRest\\utils\\handleError.js","statementMap":{"0":{"start":{"line":1,"column":24},"end":{"line":4,"column":3}},"1":{"start":{"line":2,"column":4},"end":{"line":2,"column":21}},"2":{"start":{"line":3,"column":4},"end":{"line":3,"column":33}},"3":{"start":{"line":6,"column":2},"end":{"line":6,"column":39}}},"fnMap":{"0":{"name":"(anonymous_0)","decl":{"start":{"line":1,"column":24},"end":{"line":1,"column":25}},"loc":{"start":{"line":1,"column":71},"end":{"line":4,"column":3}},"line":1}},"branchMap":{"0":{"loc":{"start":{"line":1,"column":30},"end":{"line":1,"column":54}},"type":"default-arg","locations":[{"start":{"line":1,"column":40},"end":{"line":1,"column":54}}],"line":1},"1":{"loc":{"start":{"line":1,"column":56},"end":{"line":1,"column":66}},"type":"default-arg","locations":[{"start":{"line":1,"column":63},"end":{"line":1,"column":66}}],"line":1}},"s":{"0":3,"1":4,"2":4,"3":3},"f":{"0":4},"b":{"0":[0],"1":[0]},"_coverageSchema":"1a1c01bbd47fc00a2c39e90264f33305004495a9","hash":"90bede9427bc6db8b9f45b0895f385f3265610ac"}
,"C:\\Users\\herna\\OneDrive\\Documentos\\UDEMY\\nodeJsConMongoApiRest\\utils\\handleJwt.js": {"path":"C:\\Users\\herna\\OneDrive\\Documentos\\UDEMY\\nodeJsConMongoApiRest\\utils\\handleJwt.js","statementMap":{"0":{"start":{"line":1,"column":12},"end":{"line":1,"column":35}},"1":{"start":{"line":2,"column":19},"end":{"line":2,"column":41}},"2":{"start":{"line":3,"column":22},"end":{"line":3,"column":60}},"3":{"start":{"line":4,"column":22},"end":{"line":4,"column":37}},"4":{"start":{"line":9,"column":18},"end":{"line":22,"column":1}},"5":{"start":{"line":10,"column":15},"end":{"line":19,"column":3}},"6":{"start":{"line":21,"column":2},"end":{"line":21,"column":13}},"7":{"start":{"line":29,"column":20},"end":{"line":35,"column":1}},"8":{"start":{"line":30,"column":4},"end":{"line":34,"column":5}},"9":{"start":{"line":31,"column":8},"end":{"line":31,"column":47}},"10":{"start":{"line":33,"column":8},"end":{"line":33,"column":19}},"11":{"start":{"line":37,"column":0},"end":{"line":37,"column":44}}},"fnMap":{"0":{"name":"(anonymous_0)","decl":{"start":{"line":9,"column":18},"end":{"line":9,"column":19}},"loc":{"start":{"line":9,"column":34},"end":{"line":22,"column":1}},"line":9},"1":{"name":"(anonymous_1)","decl":{"start":{"line":29,"column":20},"end":{"line":29,"column":21}},"loc":{"start":{"line":29,"column":40},"end":{"line":35,"column":1}},"line":29}},"branchMap":{},"s":{"0":3,"1":3,"2":3,"3":3,"4":3,"5":3,"6":3,"7":3,"8":1,"9":1,"10":0,"11":3},"f":{"0":3,"1":1},"b":{},"_coverageSchema":"1a1c01bbd47fc00a2c39e90264f33305004495a9","hash":"a0a1288ae6b35f446da95d8ea636bbff42cb8ce1"}
,"C:\\Users\\herna\\OneDrive\\Documentos\\UDEMY\\nodeJsConMongoApiRest\\utils\\handleLogger.js": {"path":"C:\\Users\\herna\\OneDrive\\Documentos\\UDEMY\\nodeJsConMongoApiRest\\utils\\handleLogger.js","statementMap":{"0":{"start":{"line":1,"column":28},"end":{"line":1,"column":53}},"1":{"start":{"line":2,"column":16},"end":{"line":2,"column":67}},"2":{"start":{"line":4,"column":21},"end":{"line":10,"column":1}},"3":{"start":{"line":6,"column":4},"end":{"line":8,"column":7}},"4":{"start":{"line":12,"column":0},"end":{"line":12,"column":29}}},"fnMap":{"0":{"name":"(anonymous_0)","decl":{"start":{"line":5,"column":9},"end":{"line":5,"column":10}},"loc":{"start":{"line":5,"column":22},"end":{"line":9,"column":3}},"line":5}},"branchMap":{"0":{"loc":{"start":{"line":2,"column":36},"end":{"line":2,"column":66}},"type":"binary-expr","locations":[{"start":{"line":2,"column":36},"end":{"line":2,"column":61}},{"start":{"line":2,"column":64},"end":{"line":2,"column":66}}],"line":2}},"s":{"0":3,"1":3,"2":3,"3":20,"4":3},"f":{"0":20},"b":{"0":[3,0]},"_coverageSchema":"1a1c01bbd47fc00a2c39e90264f33305004495a9","hash":"d28992247e7493a305167d529664d92f4e88fe5b"}
,"C:\\Users\\herna\\OneDrive\\Documentos\\UDEMY\\nodeJsConMongoApiRest\\utils\\handlePassword.js": {"path":"C:\\Users\\herna\\OneDrive\\Documentos\\UDEMY\\nodeJsConMongoApiRest\\utils\\handlePassword.js","statementMap":{"0":{"start":{"line":1,"column":17},"end":{"line":1,"column":36}},"1":{"start":{"line":7,"column":16},"end":{"line":10,"column":1}},"2":{"start":{"line":8,"column":17},"end":{"line":8,"column":55}},"3":{"start":{"line":9,"column":4},"end":{"line":9,"column":15}},"4":{"start":{"line":17,"column":16},"end":{"line":19,"column":1}},"5":{"start":{"line":18,"column":4},"end":{"line":18,"column":62}},"6":{"start":{"line":21,"column":0},"end":{"line":21,"column":38}}},"fnMap":{"0":{"name":"(anonymous_0)","decl":{"start":{"line":7,"column":16},"end":{"line":7,"column":17}},"loc":{"start":{"line":7,"column":41},"end":{"line":10,"column":1}},"line":7},"1":{"name":"(anonymous_1)","decl":{"start":{"line":17,"column":16},"end":{"line":17,"column":17}},"loc":{"start":{"line":17,"column":55},"end":{"line":19,"column":1}},"line":17}},"branchMap":{},"s":{"0":3,"1":3,"2":1,"3":1,"4":3,"5":0,"6":3},"f":{"0":1,"1":0},"b":{},"_coverageSchema":"1a1c01bbd47fc00a2c39e90264f33305004495a9","hash":"3318346e73b39551b381e08876480f75cd573bbf"}
,"C:\\Users\\herna\\OneDrive\\Documentos\\UDEMY\\nodeJsConMongoApiRest\\utils\\handlePropertiesEngine.js": {"path":"C:\\Users\\herna\\OneDrive\\Documentos\\UDEMY\\nodeJsConMongoApiRest\\utils\\handlePropertiesEngine.js","statementMap":{"0":{"start":{"line":1,"column":18},"end":{"line":1,"column":39}},"1":{"start":{"line":2,"column":22},"end":{"line":12,"column":1}},"2":{"start":{"line":3,"column":17},"end":{"line":10,"column":5}},"3":{"start":{"line":11,"column":4},"end":{"line":11,"column":26}},"4":{"start":{"line":14,"column":0},"end":{"line":14,"column":30}}},"fnMap":{"0":{"name":"(anonymous_0)","decl":{"start":{"line":2,"column":22},"end":{"line":2,"column":23}},"loc":{"start":{"line":2,"column":28},"end":{"line":12,"column":1}},"line":2}},"branchMap":{},"s":{"0":3,"1":3,"2":6,"3":6,"4":3},"f":{"0":6},"b":{},"_coverageSchema":"1a1c01bbd47fc00a2c39e90264f33305004495a9","hash":"786270c9b08c22c793173a8c79584d305a3906ff"}
,"C:\\Users\\herna\\OneDrive\\Documentos\\UDEMY\\nodeJsConMongoApiRest\\utils\\handleStorage.js": {"path":"C:\\Users\\herna\\OneDrive\\Documentos\\UDEMY\\nodeJsConMongoApiRest\\utils\\handleStorage.js","statementMap":{"0":{"start":{"line":1,"column":15},"end":{"line":1,"column":32}},"1":{"start":{"line":3,"column":15},"end":{"line":13,"column":2}},"2":{"start":{"line":5,"column":28},"end":{"line":5,"column":53}},"3":{"start":{"line":6,"column":8},"end":{"line":6,"column":29}},"4":{"start":{"line":9,"column":20},"end":{"line":9,"column":54}},"5":{"start":{"line":10,"column":23},"end":{"line":10,"column":50}},"6":{"start":{"line":11,"column":8},"end":{"line":11,"column":25}},"7":{"start":{"line":15,"column":24},"end":{"line":15,"column":41}},"8":{"start":{"line":17,"column":0},"end":{"line":17,"column":32}}},"fnMap":{"0":{"name":"(anonymous_0)","decl":{"start":{"line":4,"column":16},"end":{"line":4,"column":17}},"loc":{"start":{"line":4,"column":37},"end":{"line":7,"column":5}},"line":4},"1":{"name":"(anonymous_1)","decl":{"start":{"line":8,"column":13},"end":{"line":8,"column":14}},"loc":{"start":{"line":8,"column":34},"end":{"line":12,"column":5}},"line":8}},"branchMap":{},"s":{"0":3,"1":3,"2":1,"3":1,"4":1,"5":1,"6":1,"7":3,"8":3},"f":{"0":1,"1":1},"b":{},"_coverageSchema":"1a1c01bbd47fc00a2c39e90264f33305004495a9","hash":"0a2f670add7b1d3f6a73f9a43260aed02d884fe9"}
,"C:\\Users\\herna\\OneDrive\\Documentos\\UDEMY\\nodeJsConMongoApiRest\\utils\\handleValidators.js": {"path":"C:\\Users\\herna\\OneDrive\\Documentos\\UDEMY\\nodeJsConMongoApiRest\\utils\\handleValidators.js","statementMap":{"0":{"start":{"line":1,"column":29},"end":{"line":1,"column":57}},"1":{"start":{"line":3,"column":24},"end":{"line":11,"column":1}},"2":{"start":{"line":4,"column":2},"end":{"line":10,"column":3}},"3":{"start":{"line":5,"column":4},"end":{"line":5,"column":34}},"4":{"start":{"line":6,"column":4},"end":{"line":6,"column":18}},"5":{"start":{"line":8,"column":4},"end":{"line":8,"column":20}},"6":{"start":{"line":9,"column":4},"end":{"line":9,"column":38}},"7":{"start":{"line":13,"column":0},"end":{"line":13,"column":32}}},"fnMap":{"0":{"name":"(anonymous_0)","decl":{"start":{"line":3,"column":24},"end":{"line":3,"column":25}},"loc":{"start":{"line":3,"column":44},"end":{"line":11,"column":1}},"line":3}},"branchMap":{},"s":{"0":3,"1":3,"2":4,"3":4,"4":4,"5":0,"6":0,"7":3},"f":{"0":4},"b":{},"_coverageSchema":"1a1c01bbd47fc00a2c39e90264f33305004495a9","hash":"d60eddf0d4e720b348284cde553e3ad59977798d"}
,"C:\\Users\\herna\\OneDrive\\Documentos\\UDEMY\\nodeJsConMongoApiRest\\validators\\auth.js": {"path":"C:\\Users\\herna\\OneDrive\\Documentos\\UDEMY\\nodeJsConMongoApiRest\\validators\\auth.js","statementMap":{"0":{"start":{"line":1,"column":18},"end":{"line":1,"column":46}},"1":{"start":{"line":2,"column":24},"end":{"line":2,"column":60}},"2":{"start":{"line":4,"column":26},"end":{"line":24,"column":1}},"3":{"start":{"line":22,"column":8},"end":{"line":22,"column":46}},"4":{"start":{"line":26,"column":23},"end":{"line":38,"column":1}},"5":{"start":{"line":36,"column":8},"end":{"line":36,"column":46}},"6":{"start":{"line":40,"column":0},"end":{"line":40,"column":54}}},"fnMap":{"0":{"name":"(anonymous_0)","decl":{"start":{"line":21,"column":4},"end":{"line":21,"column":5}},"loc":{"start":{"line":21,"column":24},"end":{"line":23,"column":5}},"line":21},"1":{"name":"(anonymous_1)","decl":{"start":{"line":35,"column":4},"end":{"line":35,"column":5}},"loc":{"start":{"line":35,"column":24},"end":{"line":37,"column":5}},"line":35}},"branchMap":{},"s":{"0":3,"1":3,"2":3,"3":1,"4":3,"5":3,"6":3},"f":{"0":1,"1":3},"b":{},"_coverageSchema":"1a1c01bbd47fc00a2c39e90264f33305004495a9","hash":"256e6583d02858b3933d3fb143a368773a728b1f"}
,"C:\\Users\\herna\\OneDrive\\Documentos\\UDEMY\\nodeJsConMongoApiRest\\validators\\storage.js": {"path":"C:\\Users\\herna\\OneDrive\\Documentos\\UDEMY\\nodeJsConMongoApiRest\\validators\\storage.js","statementMap":{"0":{"start":{"line":1,"column":18},"end":{"line":1,"column":46}},"1":{"start":{"line":3,"column":25},"end":{"line":10,"column":1}},"2":{"start":{"line":8,"column":8},"end":{"line":8,"column":46}},"3":{"start":{"line":13,"column":0},"end":{"line":13,"column":38}}},"fnMap":{"0":{"name":"(anonymous_0)","decl":{"start":{"line":7,"column":4},"end":{"line":7,"column":5}},"loc":{"start":{"line":7,"column":24},"end":{"line":9,"column":5}},"line":7}},"branchMap":{},"s":{"0":3,"1":3,"2":2,"3":3},"f":{"0":2},"b":{},"_coverageSchema":"1a1c01bbd47fc00a2c39e90264f33305004495a9","hash":"122011a527bdf0b46f3e9586f982f47ba4f05dd0"}
,"C:\\Users\\herna\\OneDrive\\Documentos\\UDEMY\\nodeJsConMongoApiRest\\validators\\tracks.js": {"path":"C:\\Users\\herna\\OneDrive\\Documentos\\UDEMY\\nodeJsConMongoApiRest\\validators\\tracks.js","statementMap":{"0":{"start":{"line":1,"column":18},"end":{"line":1,"column":46}},"1":{"start":{"line":2,"column":24},"end":{"line":2,"column":60}},"2":{"start":{"line":4,"column":28},"end":{"line":41,"column":1}},"3":{"start":{"line":39,"column":8},"end":{"line":39,"column":46}},"4":{"start":{"line":44,"column":25},"end":{"line":51,"column":1}},"5":{"start":{"line":49,"column":8},"end":{"line":49,"column":46}},"6":{"start":{"line":53,"column":28},"end":{"line":94,"column":1}},"7":{"start":{"line":92,"column":8},"end":{"line":92,"column":46}},"8":{"start":{"line":97,"column":0},"end":{"line":97,"column":80}}},"fnMap":{"0":{"name":"(anonymous_0)","decl":{"start":{"line":38,"column":4},"end":{"line":38,"column":5}},"loc":{"start":{"line":38,"column":24},"end":{"line":40,"column":5}},"line":38},"1":{"name":"(anonymous_1)","decl":{"start":{"line":48,"column":4},"end":{"line":48,"column":5}},"loc":{"start":{"line":48,"column":24},"end":{"line":50,"column":5}},"line":48},"2":{"name":"(anonymous_2)","decl":{"start":{"line":91,"column":4},"end":{"line":91,"column":5}},"loc":{"start":{"line":91,"column":24},"end":{"line":93,"column":5}},"line":91}},"branchMap":{},"s":{"0":3,"1":3,"2":3,"3":0,"4":3,"5":0,"6":3,"7":0,"8":3},"f":{"0":0,"1":0,"2":0},"b":{},"_coverageSchema":"1a1c01bbd47fc00a2c39e90264f33305004495a9","hash":"618933e85aad49ce23025ee7dac0342c2ff41773"}
}
