TN:
SF:app.js
FN:24,(anonymous_0)
FNF:1
FNH:1
FNDA:40,(anonymous_0)
DA:1,3
DA:2,3
DA:3,3
DA:4,3
DA:5,3
DA:6,3
DA:7,3
DA:8,3
DA:9,3
DA:10,3
DA:12,3
DA:13,3
DA:15,3
DA:16,3
DA:17,3
DA:21,3
DA:25,40
DA:29,3
DA:34,3
DA:41,3
DA:43,3
DA:44,0
DA:47,3
DA:49,3
LF:24
LH:23
BRDA:13,0,0,3
BRDA:13,0,1,0
BRDA:29,1,0,3
BRDA:29,1,1,0
BRDA:43,2,0,0
BRDA:43,2,1,3
BRDA:47,3,0,3
BRDA:47,3,1,0
BRF:8
BRH:4
end_of_record
TN:
SF:config\mongo.js
FN:5,(anonymous_0)
FNF:1
FNH:1
FNDA:3,(anonymous_0)
DA:2,3
DA:5,3
DA:6,3
DA:7,3
DA:8,3
DA:10,3
DA:13,0
DA:16,3
LF:8
LH:7
BRF:0
BRH:0
end_of_record
TN:
SF:config\mysql.js
FN:14,(anonymous_0)
FNF:1
FNH:0
FNDA:0,(anonymous_0)
DA:1,3
DA:2,3
DA:4,3
DA:5,3
DA:6,3
DA:7,3
DA:9,3
DA:14,3
DA:15,0
DA:16,0
DA:17,0
DA:19,0
DA:24,3
LF:13
LH:9
BRDA:4,0,0,3
BRDA:4,0,1,0
BRF:2
BRH:1
end_of_record
TN:
SF:controllers\auth.js
FN:12,(anonymous_0)
FN:37,(anonymous_1)
FNF:2
FNH:2
FNDA:1,(anonymous_0)
FNDA:3,(anonymous_1)
DA:1,3
DA:2,3
DA:3,3
DA:4,3
DA:5,3
DA:12,3
DA:13,1
DA:14,1
DA:15,1
DA:16,1
DA:17,1
DA:18,1
DA:20,1
DA:24,1
DA:25,1
DA:27,0
DA:28,0
DA:37,3
DA:38,3
DA:39,3
DA:40,3
DA:42,3
DA:43,3
DA:44,3
DA:47,0
DA:49,0
DA:51,0
DA:52,0
DA:53,0
DA:56,0
DA:57,0
DA:62,0
DA:66,0
DA:67,0
DA:71,3
LF:35
LH:23
BRDA:42,0,0,3
BRDA:42,0,1,0
BRDA:51,1,0,0
BRDA:51,1,1,0
BRF:4
BRH:1
end_of_record
TN:
SF:controllers\storage.js
FN:13,(anonymous_0)
FN:27,(anonymous_1)
FN:43,(anonymous_2)
FN:63,(anonymous_3)
FNF:4
FNH:2
FNDA:1,(anonymous_0)
FNDA:0,(anonymous_1)
FNDA:1,(anonymous_2)
FNDA:0,(anonymous_3)
DA:1,3
DA:2,3
DA:3,3
DA:4,3
DA:6,3
DA:7,3
DA:13,3
DA:14,1
DA:15,1
DA:16,1
DA:18,0
DA:27,3
DA:28,0
DA:29,0
DA:30,0
DA:31,0
DA:33,0
DA:34,0
DA:43,3
DA:44,1
DA:45,1
DA:46,1
DA:50,1
DA:51,1
DA:52,1
DA:54,0
DA:63,3
DA:64,0
DA:65,0
DA:66,0
DA:67,0
DA:68,0
DA:69,0
DA:72,0
DA:77,0
DA:79,0
DA:83,3
LF:37
LH:20
BRF:0
BRH:0
end_of_record
TN:
SF:controllers\tracks.js
FN:10,(anonymous_0)
FN:26,(anonymous_1)
FN:42,(anonymous_2)
FN:58,(anonymous_3)
FN:75,(anonymous_4)
FNF:5
FNH:1
FNDA:1,(anonymous_0)
FNDA:0,(anonymous_1)
FNDA:0,(anonymous_2)
FNDA:0,(anonymous_3)
FNDA:0,(anonymous_4)
DA:1,3
DA:2,3
DA:3,3
DA:10,3
DA:11,1
DA:12,1
DA:13,1
DA:14,1
DA:16,0
DA:17,0
DA:26,3
DA:27,0
DA:28,0
DA:29,0
DA:30,0
DA:31,0
DA:33,0
DA:42,3
DA:43,0
DA:44,0
DA:45,0
DA:46,0
DA:47,0
DA:49,0
DA:58,3
DA:59,0
DA:60,0
DA:61,0
DA:64,0
DA:66,0
DA:75,3
DA:76,0
DA:77,0
DA:78,0
DA:79,0
DA:80,0
DA:84,0
DA:86,0
DA:87,0
DA:91,3
LF:40
LH:13
BRF:0
BRH:0
end_of_record
TN:
SF:docs\swagger.js
FNF:0
FNH:0
DA:1,3
DA:7,3
DA:120,3
DA:125,3
DA:127,3
LF:5
LH:5
BRF:0
BRH:0
end_of_record
TN:
SF:middleware\rol.js
FN:7,(anonymous_0)
FN:7,(anonymous_1)
FN:12,(anonymous_2)
FNF:3
FNH:3
FNDA:3,(anonymous_0)
FNDA:1,(anonymous_1)
FNDA:1,(anonymous_2)
DA:1,3
DA:7,3
DA:8,1
DA:9,1
DA:10,1
DA:12,1
DA:13,1
DA:15,0
DA:16,0
DA:17,0
DA:19,0
DA:21,1
DA:25,3
LF:13
LH:9
BRDA:15,0,0,0
BRDA:15,0,1,0
BRF:2
BRH:0
end_of_record
TN:
SF:middleware\session.js
FN:7,(anonymous_0)
FNF:1
FNH:1
FNDA:1,(anonymous_0)
DA:1,3
DA:2,3
DA:3,3
DA:4,3
DA:5,3
DA:7,3
DA:8,1
DA:10,1
DA:11,0
DA:12,0
DA:15,1
DA:16,1
DA:18,1
DA:19,0
DA:20,0
DA:23,1
DA:27,1
DA:28,1
DA:30,1
DA:34,0
DA:38,3
LF:21
LH:16
BRDA:10,0,0,0
BRDA:10,0,1,1
BRDA:18,1,0,0
BRDA:18,1,1,1
BRF:4
BRH:2
end_of_record
TN:
SF:models\index.js
FNF:0
FNH:0
DA:1,3
DA:3,3
DA:5,3
DA:11,3
LF:4
LH:4
BRDA:3,0,0,3
BRDA:3,0,1,0
BRF:2
BRH:1
end_of_record
TN:
SF:models\noSQL\storage.js
FNF:0
FNH:0
DA:1,3
DA:2,3
DA:3,3
DA:17,3
DA:18,3
LF:5
LH:5
BRF:0
BRH:0
end_of_record
TN:
SF:models\noSQL\tracks.js
FN:14,(anonymous_0)
FN:53,(anonymous_1)
FN:71,(anonymous_2)
FNF:3
FNH:1
FNDA:0,(anonymous_0)
FNDA:1,(anonymous_1)
FNDA:0,(anonymous_2)
DA:1,3
DA:2,3
DA:3,3
DA:15,0
DA:53,3
DA:54,1
DA:68,1
DA:71,3
DA:72,0
DA:90,0
DA:93,3
DA:94,3
LF:12
LH:9
BRF:0
BRH:0
end_of_record
TN:
SF:models\noSQL\users.js
FNF:0
FNH:0
DA:1,3
DA:2,3
DA:3,3
DA:38,3
DA:39,3
LF:5
LH:5
BRF:0
BRH:0
end_of_record
TN:
SF:routes\auth.js
FNF:0
FNH:0
DA:1,3
DA:2,3
DA:3,3
DA:4,3
DA:7,3
DA:29,3
DA:31,3
LF:7
LH:7
BRF:0
BRH:0
end_of_record
TN:
SF:routes\index.js
FN:7,(anonymous_0)
FN:12,(anonymous_1)
FNF:2
FNH:2
FNDA:12,(anonymous_0)
FNDA:12,(anonymous_1)
DA:1,3
DA:2,3
DA:3,3
DA:5,3
DA:7,3
DA:9,12
DA:12,3
DA:13,12
DA:14,12
DA:15,9
DA:16,9
DA:20,3
LF:12
LH:12
BRDA:14,0,0,9
BRDA:14,0,1,3
BRF:2
BRH:2
end_of_record
TN:
SF:routes\storage.js
FNF:0
FNH:0
DA:1,3
DA:2,3
DA:3,3
DA:4,3
DA:11,3
DA:36,3
DA:65,3
DA:90,3
DA:122,3
DA:124,3
LF:10
LH:10
BRF:0
BRH:0
end_of_record
TN:
SF:routes\tracks.js
FNF:0
FNH:0
DA:1,3
DA:2,3
DA:3,3
DA:4,3
DA:8,3
DA:15,3
DA:40,3
DA:69,3
DA:97,3
DA:142,3
DA:173,3
DA:174,3
LF:12
LH:12
BRF:0
BRH:0
end_of_record
TN:
SF:test\helper\helperData.js
FNF:0
FNH:0
DA:1,3
DA:6,3
DA:13,3
DA:21,3
DA:26,3
DA:43,3
LF:6
LH:6
BRF:0
BRH:0
end_of_record
TN:
SF:utils\handleError.js
FN:1,(anonymous_0)
FNF:1
FNH:1
FNDA:4,(anonymous_0)
DA:1,3
DA:2,4
DA:3,4
DA:6,3
LF:4
LH:4
BRDA:1,0,0,0
BRDA:1,1,0,0
BRF:2
BRH:0
end_of_record
TN:
SF:utils\handleJwt.js
FN:9,(anonymous_0)
FN:29,(anonymous_1)
FNF:2
FNH:2
FNDA:3,(anonymous_0)
FNDA:1,(anonymous_1)
DA:1,3
DA:2,3
DA:3,3
DA:4,3
DA:9,3
DA:10,3
DA:21,3
DA:29,3
DA:30,1
DA:31,1
DA:33,0
DA:37,3
LF:12
LH:11
BRF:0
BRH:0
end_of_record
TN:
SF:utils\handleLogger.js
FN:5,(anonymous_0)
FNF:1
FNH:1
FNDA:20,(anonymous_0)
DA:1,3
DA:2,3
DA:4,3
DA:6,20
DA:12,3
LF:5
LH:5
BRDA:2,0,0,3
BRDA:2,0,1,0
BRF:2
BRH:1
end_of_record
TN:
SF:utils\handlePassword.js
FN:7,(anonymous_0)
FN:17,(anonymous_1)
FNF:2
FNH:1
FNDA:1,(anonymous_0)
FNDA:0,(anonymous_1)
DA:1,3
DA:7,3
DA:8,1
DA:9,1
DA:17,3
DA:18,0
DA:21,3
LF:7
LH:6
BRF:0
BRH:0
end_of_record
TN:
SF:utils\handlePropertiesEngine.js
FN:2,(anonymous_0)
FNF:1
FNH:1
FNDA:6,(anonymous_0)
DA:1,3
DA:2,3
DA:3,6
DA:11,6
DA:14,3
LF:5
LH:5
BRF:0
BRH:0
end_of_record
TN:
SF:utils\handleStorage.js
FN:4,(anonymous_0)
FN:8,(anonymous_1)
FNF:2
FNH:2
FNDA:1,(anonymous_0)
FNDA:1,(anonymous_1)
DA:1,3
DA:3,3
DA:5,1
DA:6,1
DA:9,1
DA:10,1
DA:11,1
DA:15,3
DA:17,3
LF:9
LH:9
BRF:0
BRH:0
end_of_record
TN:
SF:utils\handleValidators.js
FN:3,(anonymous_0)
FNF:1
FNH:1
FNDA:4,(anonymous_0)
DA:1,3
DA:3,3
DA:4,4
DA:5,4
DA:6,4
DA:8,0
DA:9,0
DA:13,3
LF:8
LH:6
BRF:0
BRH:0
end_of_record
TN:
SF:validators\auth.js
FN:21,(anonymous_0)
FN:35,(anonymous_1)
FNF:2
FNH:2
FNDA:1,(anonymous_0)
FNDA:3,(anonymous_1)
DA:1,3
DA:2,3
DA:4,3
DA:22,1
DA:26,3
DA:36,3
DA:40,3
LF:7
LH:7
BRF:0
BRH:0
end_of_record
TN:
SF:validators\storage.js
FN:7,(anonymous_0)
FNF:1
FNH:1
FNDA:2,(anonymous_0)
DA:1,3
DA:3,3
DA:8,2
DA:13,3
LF:4
LH:4
BRF:0
BRH:0
end_of_record
TN:
SF:validators\tracks.js
FN:38,(anonymous_0)
FN:48,(anonymous_1)
FN:91,(anonymous_2)
FNF:3
FNH:0
FNDA:0,(anonymous_0)
FNDA:0,(anonymous_1)
FNDA:0,(anonymous_2)
DA:1,3
DA:2,3
DA:4,3
DA:39,0
DA:44,3
DA:49,0
DA:53,3
DA:92,0
DA:97,3
LF:9
LH:6
BRF:0
BRH:0
end_of_record
